<?xml version="1.0" encoding="UTF-8"?>
<testsuite xmlns:xsi="http://www.w3.org/2001/XMLSchema-instance" xsi:noNamespaceSchemaLocation="https://maven.apache.org/surefire/maven-surefire-plugin/xsd/surefire-test-report.xsd" version="3.0.2" name="vn.vunh.BackendServiceApplicationTests" time="3.397" tests="1" errors="0" skipped="0" failures="0">
  <properties>
[...]
</properties>
  <testcase name="contextLoads" classname="vn.vunh.BackendServiceApplicationTests" time="0.667">
    <system-out><![CDATA[21:10:27.083 [main] INFO org.springframework.test.context.support.AnnotationConfigContextLoaderUtils -- Could not detect default configuration classes for test class [vn.vunh.BackendServiceApplicationTests]: BackendServiceApplicationTests does not declare any static, non-private, non-final, nested classes annotated with @Configuration.
21:10:27.174 [main] INFO org.springframework.boot.test.context.SpringBootTestContextBootstrapper -- Found @SpringBootConfiguration vn.vunh.BackendServiceApplication for test class vn.vunh.BackendServiceApplicationTests
21:10:27.362 [main] INFO org.springframework.boot.devtools.restart.RestartApplicationListener -- Restart disabled due to context in which it is running
    ____             __                  __                        _
   / __ )____ ______/ /_____  ____  ____/ /  ________  ______   __(_)_______
  / __  / __ `/ ___/ //_/ _ \/ __ \/ __  /  / ___/ _ \/ ___/ | / / / ___/ _ \
 / /_/ / /_/ / /__/ ,< /  __/ / / / /_/ /  (__  )  __/ /   | |/ / / /__/  __/
/_____/\__,_/\___/_/|_|\___/_/ /_/\__,_/  /____/\___/_/    |___/_/\___/\___/

2025-01-23T21:10:27.669+07:00  INFO 3736 --- [backend-service] [           main] vn.vunh.BackendServiceApplicationTests   : Starting BackendServiceApplicationTests using Java 17.0.14 with PID 3736 (started by nongh in V:\Spring\backend-service\backend-service)
2025-01-23T21:10:27.670+07:00  INFO 3736 --- [backend-service] [           main] vn.vunh.BackendServiceApplicationTests   : The following 1 profile is active: "dev"
2025-01-23T21:10:29.489+07:00  INFO 3736 --- [backend-service] [           main] o.s.b.a.e.web.EndpointLinksResolver      : Exposing 1 endpoint beneath base path '/actuator'
2025-01-23T21:10:29.594+07:00  INFO 3736 --- [backend-service] [           main] vn.vunh.BackendServiceApplicationTests   : Started BackendServiceApplicationTests in 2.247 seconds (process running for 3.2)
]]></system-out>
  </testcase>
</testsuite>